<?xml version="1.0" encoding="UTF-8"?>
<testsuite name="com.adammcneilly.mvicasestudy.ui.preferences.UpdateDeveloperPreferencesViewModelTest" tests="4" skipped="0" failures="0" errors="0" timestamp="2021-07-06T01:14:45" hostname="DESKTOP-5G8V4DF" time="0.003">
  <properties/>
  <testcase name="updateFavoriteDeviceLine" classname="com.adammcneilly.mvicasestudy.ui.preferences.UpdateDeveloperPreferencesViewModelTest" time="0.002"/>
  <testcase name="fetchPreferencesWhenCreated" classname="com.adammcneilly.mvicasestudy.ui.preferences.UpdateDeveloperPreferencesViewModelTest" time="0.0"/>
  <testcase name="updatePrefersDarkTheme" classname="com.adammcneilly.mvicasestudy.ui.preferences.UpdateDeveloperPreferencesViewModelTest" time="0.001"/>
  <testcase name="updateLoveForAndroid" classname="com.adammcneilly.mvicasestudy.ui.preferences.UpdateDeveloperPreferencesViewModelTest" time="0.0"/>
  <system-out><![CDATA[]]></system-out>
  <system-err><![CDATA[]]></system-err>
</testsuite>
